Determining if the pthread_create exist failed with the following output:
Change Dir: /home/alxhoff/git/GitHub/FreeRTOS-simulator-demo/FreeRTOS_Posix/build/CMakeFiles/CMakeTmp

Run Build Command(s):/usr/bin/make cmTC_d221b/fast 
/usr/bin/make -f CMakeFiles/cmTC_d221b.dir/build.make CMakeFiles/cmTC_d221b.dir/build
make[1]: Entering directory '/home/alxhoff/git/GitHub/FreeRTOS-simulator-demo/FreeRTOS_Posix/build/CMakeFiles/CMakeTmp'
Building C object CMakeFiles/cmTC_d221b.dir/CheckSymbolExists.c.o
/usr/bin/cc    -o CMakeFiles/cmTC_d221b.dir/CheckSymbolExists.c.o   -c /home/alxhoff/git/GitHub/FreeRTOS-simulator-demo/FreeRTOS_Posix/build/CMakeFiles/CMakeTmp/CheckSymbolExists.c
Linking C executable cmTC_d221b
/usr/bin/cmake -E cmake_link_script CMakeFiles/cmTC_d221b.dir/link.txt --verbose=1
/usr/bin/cc      CMakeFiles/cmTC_d221b.dir/CheckSymbolExists.c.o  -o cmTC_d221b 
/usr/bin/ld: CMakeFiles/cmTC_d221b.dir/CheckSymbolExists.c.o: in function `main':
CheckSymbolExists.c:(.text+0x1b): undefined reference to `pthread_create'
collect2: error: ld returned 1 exit status
make[1]: *** [CMakeFiles/cmTC_d221b.dir/build.make:87: cmTC_d221b] Error 1
make[1]: Leaving directory '/home/alxhoff/git/GitHub/FreeRTOS-simulator-demo/FreeRTOS_Posix/build/CMakeFiles/CMakeTmp'
make: *** [Makefile:121: cmTC_d221b/fast] Error 2

File /home/alxhoff/git/GitHub/FreeRTOS-simulator-demo/FreeRTOS_Posix/build/CMakeFiles/CMakeTmp/CheckSymbolExists.c:
/* */
#include <pthread.h>

int main(int argc, char** argv)
{
  (void)argv;
#ifndef pthread_create
  return ((int*)(&pthread_create))[argc];
#else
  (void)argc;
  return 0;
#endif
}

Determining if the function pthread_create exists in the pthreads failed with the following output:
Change Dir: /home/alxhoff/git/GitHub/FreeRTOS-simulator-demo/FreeRTOS_Posix/build/CMakeFiles/CMakeTmp

Run Build Command(s):/usr/bin/make cmTC_6d1f9/fast 
/usr/bin/make -f CMakeFiles/cmTC_6d1f9.dir/build.make CMakeFiles/cmTC_6d1f9.dir/build
make[1]: Entering directory '/home/alxhoff/git/GitHub/FreeRTOS-simulator-demo/FreeRTOS_Posix/build/CMakeFiles/CMakeTmp'
Building C object CMakeFiles/cmTC_6d1f9.dir/CheckFunctionExists.c.o
/usr/bin/cc   -DCHECK_FUNCTION_EXISTS=pthread_create   -o CMakeFiles/cmTC_6d1f9.dir/CheckFunctionExists.c.o   -c /usr/share/cmake-3.14/Modules/CheckFunctionExists.c
Linking C executable cmTC_6d1f9
/usr/bin/cmake -E cmake_link_script CMakeFiles/cmTC_6d1f9.dir/link.txt --verbose=1
/usr/bin/cc  -DCHECK_FUNCTION_EXISTS=pthread_create    CMakeFiles/cmTC_6d1f9.dir/CheckFunctionExists.c.o  -o cmTC_6d1f9 -lpthreads 
/usr/bin/ld: cannot find -lpthreads
collect2: error: ld returned 1 exit status
make[1]: *** [CMakeFiles/cmTC_6d1f9.dir/build.make:87: cmTC_6d1f9] Error 1
make[1]: Leaving directory '/home/alxhoff/git/GitHub/FreeRTOS-simulator-demo/FreeRTOS_Posix/build/CMakeFiles/CMakeTmp'
make: *** [Makefile:121: cmTC_6d1f9/fast] Error 2


